<?xml version="1.0" encoding="UTF-8"?>
<testng-results ignored="0" total="3" passed="3" failed="0" skipped="0">
  <reporter-output>
    <line>
      <![CDATA[Opening Flipkart]]>
    </line>
    <line>
      <![CDATA[Opening Amazon]]>
    </line>
    <line>
      <![CDATA[Opening Ajio]]>
    </line>
  </reporter-output>
  <suite started-at="2023-12-08T12:08:27 IST" name="Suite" finished-at="2023-12-08T12:08:55 IST" duration-ms="27999">
    <groups>
    </groups>
    <test started-at="2023-12-08T12:08:27 IST" name="Test" finished-at="2023-12-08T12:08:55 IST" duration-ms="27999">
      <class name="e_commerce.Amazon">
        <test-method signature="amzon()[pri:0, instance:e_commerce.Amazon@17046283]" started-at="2023-12-08T12:08:33 IST" name="amzon" finished-at="2023-12-08T12:08:36 IST" duration-ms="2884" status="PASS">
          <reporter-output>
            <line>
              <![CDATA[Opening Amazon]]>
            </line>
          </reporter-output>
        </test-method> <!-- amzon -->
      </class> <!-- e_commerce.Amazon -->
      <class name="e_commerce.Flipkart">
        <test-method signature="flipkart()[pri:0, instance:e_commerce.Flipkart@5ae50ce6]" started-at="2023-12-08T12:08:27 IST" name="flipkart" finished-at="2023-12-08T12:08:33 IST" duration-ms="6316" status="PASS">
          <reporter-output>
            <line>
              <![CDATA[Opening Flipkart]]>
            </line>
          </reporter-output>
        </test-method> <!-- flipkart -->
      </class> <!-- e_commerce.Flipkart -->
      <class name="e_commerce.Ajio">
        <test-method signature="ajio()[pri:0, instance:e_commerce.Ajio@5bd03f44]" started-at="2023-12-08T12:08:36 IST" name="ajio" finished-at="2023-12-08T12:08:55 IST" duration-ms="18745" status="PASS">
          <reporter-output>
            <line>
              <![CDATA[Opening Ajio]]>
            </line>
          </reporter-output>
        </test-method> <!-- ajio -->
      </class> <!-- e_commerce.Ajio -->
    </test> <!-- Test -->
  </suite> <!-- Suite -->
</testng-results>
